[debug] [2021-08-07T07:40:32.126Z] ----------------------------------------------------------------------
[debug] [2021-08-07T07:40:32.131Z] Command:       C:\Program Files\nodejs\node.exe C:\Users\hiro\AppData\Roaming\npm\node_modules\firebase-tools\lib\bin\firebase.js deploy
[debug] [2021-08-07T07:40:32.132Z] CLI Version:   9.16.0
[debug] [2021-08-07T07:40:32.132Z] Platform:      win32
[debug] [2021-08-07T07:40:32.132Z] Node Version:  v14.17.3
[debug] [2021-08-07T07:40:32.415Z] Time:          Sat Aug 07 2021 16:40:32 GMT+0900 (日本標準時)
[debug] [2021-08-07T07:40:32.416Z] ----------------------------------------------------------------------
[debug] 
[debug] [2021-08-07T07:40:32.529Z] > command requires scopes: ["email","openid","https://www.googleapis.com/auth/cloudplatformprojects.readonly","https://www.googleapis.com/auth/firebase","https://www.googleapis.com/auth/cloud-platform"]
[debug] [2021-08-07T07:40:32.529Z] > authorizing via signed-in user (suzuhiro5145@gmail.com)
[debug] [2021-08-07T07:40:32.530Z] [iam] checking project chatbot-demo-eff43 for permissions ["cloudfunctions.functions.create","cloudfunctions.functions.delete","cloudfunctions.functions.get","cloudfunctions.functions.list","cloudfunctions.functions.update","cloudfunctions.operations.get","datastore.indexes.create","datastore.indexes.delete","datastore.indexes.list","datastore.indexes.update","firebase.projects.get","firebasehosting.sites.update"]
[debug] [2021-08-07T07:40:32.571Z] >>> HTTP REQUEST POST https://cloudresourcemanager.googleapis.com/v1/projects/chatbot-demo-eff43:testIamPermissions  
 {"permissions":["cloudfunctions.functions.create","cloudfunctions.functions.delete","cloudfunctions.functions.get","cloudfunctions.functions.list","cloudfunctions.functions.update","cloudfunctions.operations.get","datastore.indexes.create","datastore.indexes.delete","datastore.indexes.list","datastore.indexes.update","firebase.projects.get","firebasehosting.sites.update"]}
[debug] [2021-08-07T07:40:34.029Z] <<< HTTP RESPONSE 200 {"content-type":"application/json; charset=UTF-8","vary":"X-Origin, Referer, Origin,Accept-Encoding","date":"Sat, 07 Aug 2021 07:40:32 GMT","server":"ESF","cache-control":"private","x-xss-protection":"0","x-frame-options":"SAMEORIGIN","x-content-type-options":"nosniff","server-timing":"gfet4t7; dur=567","alt-svc":"h3=\":443\"; ma=2592000,h3-29=\":443\"; ma=2592000,h3-T051=\":443\"; ma=2592000,h3-Q050=\":443\"; ma=2592000,h3-Q046=\":443\"; ma=2592000,h3-Q043=\":443\"; ma=2592000,quic=\":443\"; ma=2592000; v=\"46,43\"","accept-ranges":"none","transfer-encoding":"chunked"}
[debug] [2021-08-07T07:40:34.032Z] >>> HTTP REQUEST POST https://iam.googleapis.com/v1/projects/chatbot-demo-eff43/serviceAccounts/chatbot-demo-eff43@appspot.gserviceaccount.com:testIamPermissions  
 {"permissions":["iam.serviceAccounts.actAs"]}
[debug] [2021-08-07T07:40:34.875Z] <<< HTTP RESPONSE 200 {"content-type":"application/json; charset=UTF-8","vary":"X-Origin, Referer, Origin,Accept-Encoding","date":"Sat, 07 Aug 2021 07:40:33 GMT","server":"ESF","cache-control":"private","x-xss-protection":"0","x-frame-options":"SAMEORIGIN","x-content-type-options":"nosniff","alt-svc":"h3=\":443\"; ma=2592000,h3-29=\":443\"; ma=2592000,h3-T051=\":443\"; ma=2592000,h3-Q050=\":443\"; ma=2592000,h3-Q046=\":443\"; ma=2592000,h3-Q043=\":443\"; ma=2592000,quic=\":443\"; ma=2592000; v=\"46,43\"","accept-ranges":"none","transfer-encoding":"chunked"}
[debug] [2021-08-07T07:40:34.882Z] > refreshing access token with scopes: []
[debug] [2021-08-07T07:40:34.883Z] >>> HTTP REQUEST POST https://www.googleapis.com/oauth2/v3/token  
 <request body omitted>
[debug] [2021-08-07T07:40:35.200Z] <<< HTTP RESPONSE 200 {"pragma":"no-cache","date":"Sat, 07 Aug 2021 07:40:33 GMT","expires":"Mon, 01 Jan 1990 00:00:00 GMT","cache-control":"no-cache, no-store, max-age=0, must-revalidate","content-type":"application/json; charset=utf-8","vary":"X-Origin, Referer, Origin,Accept-Encoding","server":"scaffolding on HTTPServer2","x-xss-protection":"0","x-frame-options":"SAMEORIGIN","x-content-type-options":"nosniff","alt-svc":"h3=\":443\"; ma=2592000,h3-29=\":443\"; ma=2592000,h3-T051=\":443\"; ma=2592000,h3-Q050=\":443\"; ma=2592000,h3-Q046=\":443\"; ma=2592000,h3-Q043=\":443\"; ma=2592000,quic=\":443\"; ma=2592000; v=\"46,43\"","accept-ranges":"none","transfer-encoding":"chunked"}
[debug] [2021-08-07T07:40:36.102Z] >>> [apiv2][query] GET https://firebase.googleapis.com/v1beta1/projects/chatbot-demo-eff43 [none]
[debug] [2021-08-07T07:40:37.655Z] <<< [apiv2][status] GET https://firebase.googleapis.com/v1beta1/projects/chatbot-demo-eff43 200
[debug] [2021-08-07T07:40:37.655Z] <<< [apiv2][body] GET https://firebase.googleapis.com/v1beta1/projects/chatbot-demo-eff43 {"projectId":"chatbot-demo-eff43","projectNumber":"1048343629353","displayName":"chatbot-demo","name":"projects/chatbot-demo-eff43","resources":{"hostingSite":"chatbot-demo-eff43","storageBucket":"chatbot-demo-eff43.appspot.com","locationId":"asia-northeast1"},"state":"ACTIVE"}
[info] 
[info] === Deploying to 'chatbot-demo-eff43'...
[info] 
[info] i  deploying firestore, functions, hosting 
[info] Running command: npm --prefix "$RESOURCE_DIR" run lint
[info] Running command: npm --prefix "$RESOURCE_DIR" run build
[info] +  functions: Finished running predeploy script. 
[info] i  firestore: reading indexes from firestore.indexes.json... 
[info] i  cloud.firestore: checking firestore.rules for compilation errors... 
[debug] [2021-08-07T07:41:09.979Z] > refreshing access token with scopes: ["email","https://www.googleapis.com/auth/cloud-platform","https://www.googleapis.com/auth/cloudplatformprojects.readonly","https://www.googleapis.com/auth/firebase","openid"]
[debug] [2021-08-07T07:41:09.979Z] >>> HTTP REQUEST POST https://www.googleapis.com/oauth2/v3/token  
 <request body omitted>
[debug] [2021-08-07T07:41:10.230Z] <<< HTTP RESPONSE 200 {"cache-control":"no-cache, no-store, max-age=0, must-revalidate","expires":"Mon, 01 Jan 1990 00:00:00 GMT","pragma":"no-cache","date":"Sat, 07 Aug 2021 07:41:08 GMT","content-type":"application/json; charset=utf-8","vary":"X-Origin, Referer, Origin,Accept-Encoding","server":"scaffolding on HTTPServer2","x-xss-protection":"0","x-frame-options":"SAMEORIGIN","x-content-type-options":"nosniff","alt-svc":"h3=\":443\"; ma=2592000,h3-29=\":443\"; ma=2592000,h3-T051=\":443\"; ma=2592000,h3-Q050=\":443\"; ma=2592000,h3-Q046=\":443\"; ma=2592000,h3-Q043=\":443\"; ma=2592000,quic=\":443\"; ma=2592000; v=\"46,43\"","accept-ranges":"none","transfer-encoding":"chunked"}
[debug] [2021-08-07T07:41:10.260Z] >>> HTTP REQUEST POST https://firebaserules.googleapis.com/v1/projects/chatbot-demo-eff43:test  
 {"source":{"files":[{"name":"firestore.rules","content":"rules_version = '2';\nservice cloud.firestore {\n  match /databases/{database}/documents {\n    match /{document=**} {\n      allow read;\n      allow write: if request.auth.uid != null;\n    }\n  }\n}"}]}}
[debug] [2021-08-07T07:41:11.460Z] <<< HTTP RESPONSE 200 {"content-type":"application/json; charset=UTF-8","vary":"X-Origin, Referer, Origin,Accept-Encoding","date":"Sat, 07 Aug 2021 07:41:10 GMT","server":"ESF","cache-control":"private","x-xss-protection":"0","x-frame-options":"SAMEORIGIN","x-content-type-options":"nosniff","alt-svc":"h3=\":443\"; ma=2592000,h3-29=\":443\"; ma=2592000,h3-T051=\":443\"; ma=2592000,h3-Q050=\":443\"; ma=2592000,h3-Q046=\":443\"; ma=2592000,h3-Q043=\":443\"; ma=2592000,quic=\":443\"; ma=2592000; v=\"46,43\"","accept-ranges":"none","transfer-encoding":"chunked"}
[info] +  cloud.firestore: rules file firestore.rules compiled successfully 
[debug] [2021-08-07T07:41:11.465Z] Validating nodejs source
[debug] [2021-08-07T07:41:18.153Z] > [functions] package.json contents: {
  "name": "functions",
  "scripts": {
    "lint": "eslint --ext .js,.ts .",
    "build": "tsc",
    "serve": "npm run build && firebase emulators:start --only functions",
    "shell": "npm run build && firebase functions:shell",
    "start": "npm run shell",
    "deploy": "firebase deploy --only functions",
    "logs": "firebase functions:log"
  },
  "engines": {
    "node": "14"
  },
  "main": "lib/index.js",
  "dependencies": {
    "firebase-admin": "^9.8.0",
    "firebase-functions": "^3.14.1"
  },
  "devDependencies": {
    "@typescript-eslint/eslint-plugin": "^3.9.1",
    "@typescript-eslint/parser": "^3.8.0",
    "eslint": "^7.6.0",
    "eslint-config-google": "^0.14.0",
    "eslint-plugin-import": "^2.22.0",
    "firebase-functions-test": "^0.2.0",
    "typescript": "^3.8.0"
  },
  "private": true
}
[debug] [2021-08-07T07:41:18.154Z] Building nodejs source
[info] i  functions: ensuring required API cloudfunctions.googleapis.com is enabled... 
[info] i  functions: ensuring required API cloudbuild.googleapis.com is enabled... 
[debug] [2021-08-07T07:41:18.156Z] >>> HTTP REQUEST GET https://serviceusage.googleapis.com/v1/projects/chatbot-demo-eff43/services/cloudfunctions.googleapis.com  
 
[debug] [2021-08-07T07:41:18.157Z] >>> HTTP REQUEST GET https://serviceusage.googleapis.com/v1/projects/chatbot-demo-eff43/services/runtimeconfig.googleapis.com  
 
[debug] [2021-08-07T07:41:18.158Z] >>> HTTP REQUEST GET https://serviceusage.googleapis.com/v1/projects/chatbot-demo-eff43/services/cloudbuild.googleapis.com  
 
[debug] [2021-08-07T07:41:19.373Z] <<< HTTP RESPONSE 200 {"content-type":"application/json; charset=UTF-8","vary":"X-Origin, Referer, Origin,Accept-Encoding","date":"Sat, 07 Aug 2021 07:41:17 GMT","server":"ESF","cache-control":"private","x-xss-protection":"0","x-frame-options":"SAMEORIGIN","x-content-type-options":"nosniff","alt-svc":"h3=\":443\"; ma=2592000,h3-29=\":443\"; ma=2592000,h3-T051=\":443\"; ma=2592000,h3-Q050=\":443\"; ma=2592000,h3-Q046=\":443\"; ma=2592000,h3-Q043=\":443\"; ma=2592000,quic=\":443\"; ma=2592000; v=\"46,43\"","accept-ranges":"none","transfer-encoding":"chunked"}
[debug] [2021-08-07T07:41:19.486Z] <<< HTTP RESPONSE 200 {"content-type":"application/json; charset=UTF-8","vary":"X-Origin, Referer, Origin,Accept-Encoding","date":"Sat, 07 Aug 2021 07:41:17 GMT","server":"ESF","cache-control":"private","x-xss-protection":"0","x-frame-options":"SAMEORIGIN","x-content-type-options":"nosniff","alt-svc":"h3=\":443\"; ma=2592000,h3-29=\":443\"; ma=2592000,h3-T051=\":443\"; ma=2592000,h3-Q050=\":443\"; ma=2592000,h3-Q046=\":443\"; ma=2592000,h3-Q043=\":443\"; ma=2592000,quic=\":443\"; ma=2592000; v=\"46,43\"","accept-ranges":"none","transfer-encoding":"chunked"}
[info] +  functions: required API cloudbuild.googleapis.com is enabled 
[debug] [2021-08-07T07:41:19.540Z] <<< HTTP RESPONSE 200 {"content-type":"application/json; charset=UTF-8","vary":"X-Origin, Referer, Origin,Accept-Encoding","date":"Sat, 07 Aug 2021 07:41:17 GMT","server":"ESF","cache-control":"private","x-xss-protection":"0","x-frame-options":"SAMEORIGIN","x-content-type-options":"nosniff","alt-svc":"h3=\":443\"; ma=2592000,h3-29=\":443\"; ma=2592000,h3-T051=\":443\"; ma=2592000,h3-Q050=\":443\"; ma=2592000,h3-Q046=\":443\"; ma=2592000,h3-Q043=\":443\"; ma=2592000,quic=\":443\"; ma=2592000; v=\"46,43\"","accept-ranges":"none","transfer-encoding":"chunked"}
[info] +  functions: required API cloudfunctions.googleapis.com is enabled 
[debug] [2021-08-07T07:41:19.546Z] >>> HTTP REQUEST GET https://firebase.googleapis.com/v1beta1/projects/chatbot-demo-eff43/adminSdkConfig  
 
[debug] [2021-08-07T07:41:20.378Z] <<< HTTP RESPONSE 200 {"content-type":"application/json; charset=UTF-8","vary":"X-Origin, Referer, Origin,Accept-Encoding","date":"Sat, 07 Aug 2021 07:41:19 GMT","server":"ESF","cache-control":"private","x-xss-protection":"0","x-frame-options":"SAMEORIGIN","x-content-type-options":"nosniff","alt-svc":"h3=\":443\"; ma=2592000,h3-29=\":443\"; ma=2592000,h3-T051=\":443\"; ma=2592000,h3-Q050=\":443\"; ma=2592000,h3-Q046=\":443\"; ma=2592000,h3-Q043=\":443\"; ma=2592000,quic=\":443\"; ma=2592000; v=\"46,43\"","accept-ranges":"none","transfer-encoding":"chunked"}
[debug] [2021-08-07T07:41:20.381Z] >>> HTTP REQUEST GET https://runtimeconfig.googleapis.com/v1beta1/projects/chatbot-demo-eff43/configs  
 
[debug] [2021-08-07T07:41:20.810Z] <<< HTTP RESPONSE 200 {"content-type":"application/json; charset=UTF-8","vary":"X-Origin, Referer, Origin,Accept-Encoding","date":"Sat, 07 Aug 2021 07:41:19 GMT","server":"ESF","cache-control":"private","x-xss-protection":"0","x-frame-options":"SAMEORIGIN","x-content-type-options":"nosniff","alt-svc":"h3=\":443\"; ma=2592000,h3-29=\":443\"; ma=2592000,h3-T051=\":443\"; ma=2592000,h3-Q050=\":443\"; ma=2592000,h3-Q046=\":443\"; ma=2592000,h3-Q043=\":443\"; ma=2592000,quic=\":443\"; ma=2592000; v=\"46,43\"","accept-ranges":"none","transfer-encoding":"chunked"}
[debug] [2021-08-07T07:41:20.811Z] Analyzing nodejs backend spec
[debug] [2021-08-07T07:41:20.910Z] >>> HTTP REQUEST POST https://firebasehosting.googleapis.com/v1beta1/sites/chatbot-demo-eff43/versions  
 {"config":{"rewrites":[{"glob":"**","path":"/index.html"}]},"labels":{"deployment-tool":"cli-firebase"}}
[debug] [2021-08-07T07:41:22.132Z] <<< HTTP RESPONSE 200 {"content-type":"application/json; charset=UTF-8","vary":"X-Origin, Referer, Origin,Accept-Encoding","date":"Sat, 07 Aug 2021 07:41:20 GMT","server":"ESF","cache-control":"private","x-xss-protection":"0","x-frame-options":"SAMEORIGIN","x-content-type-options":"nosniff","alt-svc":"h3=\":443\"; ma=2592000,h3-29=\":443\"; ma=2592000,h3-T051=\":443\"; ma=2592000,h3-Q050=\":443\"; ma=2592000,h3-Q046=\":443\"; ma=2592000,h3-Q043=\":443\"; ma=2592000,quic=\":443\"; ma=2592000; v=\"46,43\"","accept-ranges":"none","transfer-encoding":"chunked"}
[debug] [2021-08-07T07:41:22.146Z] >>> HTTP REQUEST GET https://firebaserules.googleapis.com/v1/projects/chatbot-demo-eff43/releases?pageSize=10&pageToken=  
 
[debug] [2021-08-07T07:41:22.148Z] >>> HTTP REQUEST GET https://firestore.googleapis.com/v1/projects/chatbot-demo-eff43/databases/(default)/collectionGroups/-/indexes  
 
[debug] [2021-08-07T07:41:22.389Z] <<< HTTP RESPONSE 200 {"content-type":"application/json; charset=UTF-8","vary":"X-Origin, Referer, Origin,Accept-Encoding","date":"Sat, 07 Aug 2021 07:41:21 GMT","server":"ESF","cache-control":"private","x-xss-protection":"0","x-frame-options":"SAMEORIGIN","x-content-type-options":"nosniff","alt-svc":"h3=\":443\"; ma=2592000,h3-29=\":443\"; ma=2592000,h3-T051=\":443\"; ma=2592000,h3-Q050=\":443\"; ma=2592000,h3-Q046=\":443\"; ma=2592000,h3-Q043=\":443\"; ma=2592000,quic=\":443\"; ma=2592000; v=\"46,43\"","accept-ranges":"none","transfer-encoding":"chunked"}
[debug] [2021-08-07T07:41:22.391Z] >>> HTTP REQUEST GET https://firestore.googleapis.com/v1/projects/chatbot-demo-eff43/databases/(default)/collectionGroups/-/fields?filter=indexConfig.usesAncestorConfig=false  
 
[debug] [2021-08-07T07:41:22.637Z] <<< HTTP RESPONSE 200 {"content-type":"application/json; charset=UTF-8","vary":"X-Origin, Referer, Origin,Accept-Encoding","date":"Sat, 07 Aug 2021 07:41:21 GMT","server":"ESF","cache-control":"private","x-xss-protection":"0","x-frame-options":"SAMEORIGIN","x-content-type-options":"nosniff","alt-svc":"h3=\":443\"; ma=2592000,h3-29=\":443\"; ma=2592000,h3-T051=\":443\"; ma=2592000,h3-Q050=\":443\"; ma=2592000,h3-Q046=\":443\"; ma=2592000,h3-Q043=\":443\"; ma=2592000,quic=\":443\"; ma=2592000; v=\"46,43\"","accept-ranges":"none","transfer-encoding":"chunked"}
[info] +  firestore: deployed indexes in firestore.indexes.json successfully 
[debug] [2021-08-07T07:41:23.330Z] <<< HTTP RESPONSE 200 {"content-type":"application/json; charset=UTF-8","vary":"X-Origin, Referer, Origin,Accept-Encoding","date":"Sat, 07 Aug 2021 07:41:22 GMT","server":"ESF","cache-control":"private","x-xss-protection":"0","x-frame-options":"SAMEORIGIN","x-content-type-options":"nosniff","alt-svc":"h3=\":443\"; ma=2592000,h3-29=\":443\"; ma=2592000,h3-T051=\":443\"; ma=2592000,h3-Q050=\":443\"; ma=2592000,h3-Q046=\":443\"; ma=2592000,h3-Q043=\":443\"; ma=2592000,quic=\":443\"; ma=2592000; v=\"46,43\"","accept-ranges":"none","transfer-encoding":"chunked"}
[debug] [2021-08-07T07:41:23.331Z] >>> HTTP REQUEST GET https://firebaserules.googleapis.com/v1/projects/chatbot-demo-eff43/rulesets/96583304-a571-4e11-9585-2d0a7cde69e3  
 
[debug] [2021-08-07T07:41:24.494Z] <<< HTTP RESPONSE 200 {"content-type":"application/json; charset=UTF-8","vary":"X-Origin, Referer, Origin,Accept-Encoding","date":"Sat, 07 Aug 2021 07:41:23 GMT","server":"ESF","cache-control":"private","x-xss-protection":"0","x-frame-options":"SAMEORIGIN","x-content-type-options":"nosniff","alt-svc":"h3=\":443\"; ma=2592000,h3-29=\":443\"; ma=2592000,h3-T051=\":443\"; ma=2592000,h3-Q050=\":443\"; ma=2592000,h3-Q046=\":443\"; ma=2592000,h3-Q043=\":443\"; ma=2592000,quic=\":443\"; ma=2592000; v=\"46,43\"","accept-ranges":"none","transfer-encoding":"chunked"}
[info] i  firestore: latest version of firestore.rules already up to date, skipping upload... 
[debug] [2021-08-07T07:41:24.500Z] >>> HTTP REQUEST GET https://cloudfunctions.googleapis.com/v1/projects/chatbot-demo-eff43/locations/-/functions  
 
[debug] [2021-08-07T07:41:25.220Z] <<< HTTP RESPONSE 200 {"content-type":"application/json; charset=UTF-8","vary":"X-Origin, Referer, Origin,Accept-Encoding","date":"Sat, 07 Aug 2021 07:41:23 GMT","server":"ESF","cache-control":"private","x-xss-protection":"0","x-frame-options":"SAMEORIGIN","x-content-type-options":"nosniff","alt-svc":"h3=\":443\"; ma=2592000,h3-29=\":443\"; ma=2592000,h3-T051=\":443\"; ma=2592000,h3-Q050=\":443\"; ma=2592000,h3-Q046=\":443\"; ma=2592000,h3-Q043=\":443\"; ma=2592000,quic=\":443\"; ma=2592000; v=\"46,43\"","accept-ranges":"none","transfer-encoding":"chunked"}
[info] i  hosting[chatbot-demo-eff43]: beginning deploy... 
[info] i  hosting[chatbot-demo-eff43]: found 20 files in build 
[debug] [2021-08-07T07:41:25.276Z] [hosting] hash cache [YnVpbGQ] not populated
[debug] [2021-08-07T07:41:25.834Z] > refreshing access token with scopes: []
[debug] [2021-08-07T07:41:25.835Z] >>> HTTP REQUEST POST https://www.googleapis.com/oauth2/v3/token  
 <request body omitted>
[debug] [2021-08-07T07:41:25.838Z] [hosting] hash cache [YnVpbGQ] stored for 20 files
[debug] [2021-08-07T07:41:25.839Z] [hosting][hash queue][FINAL] {"max":543,"min":24,"avg":57.7,"active":0,"complete":20,"success":20,"errored":0,"retried":0,"total":20,"elapsed":562}
[debug] [2021-08-07T07:41:26.086Z] <<< HTTP RESPONSE 200 {"cache-control":"no-cache, no-store, max-age=0, must-revalidate","pragma":"no-cache","date":"Sat, 07 Aug 2021 07:41:24 GMT","expires":"Mon, 01 Jan 1990 00:00:00 GMT","content-type":"application/json; charset=utf-8","vary":"X-Origin, Referer, Origin,Accept-Encoding","server":"scaffolding on HTTPServer2","x-xss-protection":"0","x-frame-options":"SAMEORIGIN","x-content-type-options":"nosniff","alt-svc":"h3=\":443\"; ma=2592000,h3-29=\":443\"; ma=2592000,h3-T051=\":443\"; ma=2592000,h3-Q050=\":443\"; ma=2592000,h3-Q046=\":443\"; ma=2592000,h3-Q043=\":443\"; ma=2592000,quic=\":443\"; ma=2592000; v=\"46,43\"","accept-ranges":"none","transfer-encoding":"chunked"}
[debug] [2021-08-07T07:41:26.112Z] >>> [apiv2][query] POST https://firebasehosting.googleapis.com/v1beta1/sites/chatbot-demo-eff43/versions/c8e1d7e86268ce12:populateFiles [none]
[debug] [2021-08-07T07:41:26.112Z] >>> [apiv2][body] POST https://firebasehosting.googleapis.com/v1beta1/sites/chatbot-demo-eff43/versions/c8e1d7e86268ce12:populateFiles {"files":{"/favicon.ico":"eae62e993eb980ec8a25058c39d5a51feab118bd2100c4deebb2a9c158ec11f9","/logo192.png":"3ee59515172ee198f3be375979df15ac5345183e656720a381b8872b2a39dc8b","/index.html":"838ab872feb689c8178566b6df8b6651f1d4c314093bda39924253524b84bc61","/asset-manifest.json":"5e95adf3a99ebc27dfa90729d7cafe50e8b270b6682249592703f26be59bcf41","/manifest.json":"aff3449bdc238776f5d6d967f19ec491b36aed5fb7f23ccff6500736fd58494a","/robots.txt":"bfe106a3fb878dc83461c86818bf74fc1bdc7f28538ba613cd3e775516ce8b49","/static/css/main.7835d562.chunk.css":"173c7af5a02d4d75b998d13cbe77a3cac64f532fbb9c1223e95a3f342f9c0fb2","/static/css/main.7835d562.chunk.css.map":"8ee79e7ed4d63af95cccc52e5bd2b835761d9a62660208bab2364b47d44dca85","/logo512.png":"ee7e2f3fdb8209c4b6fd7bef6ba50d1b9dba30a25bb5c3126df057e1cb6f5331","/static/js/2.dc345ad8.chunk.js.LICENSE.txt":"2312bad32d362f6d6cf48f54219077fc34f54dcb7eeae10b1a74b95e3a2f5917","/static/js/3.4285ed4c.chunk.js":"83dfeaa0af22ffcf1408d0c0a26aa06de7f0a6bbee59a19c7d34fe408a0a17fb","/static/js/3.4285ed4c.chunk.js.map":"fef6954a40d12a4cf6a2eea943268faf6b97e805340e0c63cd6397301b8234ff","/static/js/main.93b1498e.chunk.js":"33e7c22fc764b9055acfe2047e0f9cd7b02c86149c7b382bc671ddbac7cd2a98","/static/js/runtime-main.e88ad0c1.js":"3e69ab5c4ee5cfb201a8dcc9d24a440418dfb102f5e697d80b4a58ea7aa24aa7","/static/js/main.93b1498e.chunk.js.map":"e50ee86773a2078f39324dc8173725833104d5ae8d1be978e8614a8d0c7d1dd8","/static/js/runtime-main.e88ad0c1.js.map":"625ed6af890c4d7ba33899896f6ee21cbd2d20e50d5e2632ad3771efed7a827d","/static/media/ハリー２.73cd81ee.jpg":"99890a2a2adac5f51ee4766daa76e490c9345bca10ac345d58595893445dda7f","/static/media/zoomダンブルドア２.27691eeb.jpg":"6af23f85fcd146cd5fc0dfd1fe2bb0128b54250a6c2d6f282923870a45bc5e08","/static/js/2.dc345ad8.chunk.js":"de2ba5438d4d1d06033c814a21a26d0666e6d534639942fd3866eaec2417ad49","/static/js/2.dc345ad8.chunk.js.map":"f041ee65ff07226f15d229b8f72c2482090695cc33a2d1ec7104ab8044387700"}}
[debug] [2021-08-07T07:41:27.204Z] <<< [apiv2][status] POST https://firebasehosting.googleapis.com/v1beta1/sites/chatbot-demo-eff43/versions/c8e1d7e86268ce12:populateFiles 200
[debug] [2021-08-07T07:41:27.204Z] <<< [apiv2][body] POST https://firebasehosting.googleapis.com/v1beta1/sites/chatbot-demo-eff43/versions/c8e1d7e86268ce12:populateFiles {"uploadRequiredHashes":["f041ee65ff07226f15d229b8f72c2482090695cc33a2d1ec7104ab8044387700","6af23f85fcd146cd5fc0dfd1fe2bb0128b54250a6c2d6f282923870a45bc5e08","838ab872feb689c8178566b6df8b6651f1d4c314093bda39924253524b84bc61","5e95adf3a99ebc27dfa90729d7cafe50e8b270b6682249592703f26be59bcf41","99890a2a2adac5f51ee4766daa76e490c9345bca10ac345d58595893445dda7f","2312bad32d362f6d6cf48f54219077fc34f54dcb7eeae10b1a74b95e3a2f5917","173c7af5a02d4d75b998d13cbe77a3cac64f532fbb9c1223e95a3f342f9c0fb2","83dfeaa0af22ffcf1408d0c0a26aa06de7f0a6bbee59a19c7d34fe408a0a17fb","8ee79e7ed4d63af95cccc52e5bd2b835761d9a62660208bab2364b47d44dca85","e50ee86773a2078f39324dc8173725833104d5ae8d1be978e8614a8d0c7d1dd8","3e69ab5c4ee5cfb201a8dcc9d24a440418dfb102f5e697d80b4a58ea7aa24aa7","de2ba5438d4d1d06033c814a21a26d0666e6d534639942fd3866eaec2417ad49","33e7c22fc764b9055acfe2047e0f9cd7b02c86149c7b382bc671ddbac7cd2a98","625ed6af890c4d7ba33899896f6ee21cbd2d20e50d5e2632ad3771efed7a827d","fef6954a40d12a4cf6a2eea943268faf6b97e805340e0c63cd6397301b8234ff"],"uploadUrl":"https://upload-firebasehosting.googleapis.com/upload/sites/chatbot-demo-eff43/versions/c8e1d7e86268ce12/files"}
[debug] [2021-08-07T07:41:27.211Z] >>> [apiv2][query] POST https://upload-firebasehosting.googleapis.com/upload/sites/chatbot-demo-eff43/versions/c8e1d7e86268ce12/files/f041ee65ff07226f15d229b8f72c2482090695cc33a2d1ec7104ab8044387700 [none]
[debug] [2021-08-07T07:41:27.211Z] >>> [apiv2][body] POST https://upload-firebasehosting.googleapis.com/upload/sites/chatbot-demo-eff43/versions/c8e1d7e86268ce12/files/f041ee65ff07226f15d229b8f72c2482090695cc33a2d1ec7104ab8044387700 [stream]
[debug] [2021-08-07T07:41:27.213Z] >>> [apiv2][query] POST https://upload-firebasehosting.googleapis.com/upload/sites/chatbot-demo-eff43/versions/c8e1d7e86268ce12/files/6af23f85fcd146cd5fc0dfd1fe2bb0128b54250a6c2d6f282923870a45bc5e08 [none]
[debug] [2021-08-07T07:41:27.213Z] >>> [apiv2][body] POST https://upload-firebasehosting.googleapis.com/upload/sites/chatbot-demo-eff43/versions/c8e1d7e86268ce12/files/6af23f85fcd146cd5fc0dfd1fe2bb0128b54250a6c2d6f282923870a45bc5e08 [stream]
[debug] [2021-08-07T07:41:27.215Z] >>> [apiv2][query] POST https://upload-firebasehosting.googleapis.com/upload/sites/chatbot-demo-eff43/versions/c8e1d7e86268ce12/files/838ab872feb689c8178566b6df8b6651f1d4c314093bda39924253524b84bc61 [none]
[debug] [2021-08-07T07:41:27.216Z] >>> [apiv2][body] POST https://upload-firebasehosting.googleapis.com/upload/sites/chatbot-demo-eff43/versions/c8e1d7e86268ce12/files/838ab872feb689c8178566b6df8b6651f1d4c314093bda39924253524b84bc61 [stream]
[debug] [2021-08-07T07:41:27.218Z] >>> [apiv2][query] POST https://upload-firebasehosting.googleapis.com/upload/sites/chatbot-demo-eff43/versions/c8e1d7e86268ce12/files/5e95adf3a99ebc27dfa90729d7cafe50e8b270b6682249592703f26be59bcf41 [none]
[debug] [2021-08-07T07:41:27.219Z] >>> [apiv2][body] POST https://upload-firebasehosting.googleapis.com/upload/sites/chatbot-demo-eff43/versions/c8e1d7e86268ce12/files/5e95adf3a99ebc27dfa90729d7cafe50e8b270b6682249592703f26be59bcf41 [stream]
[debug] [2021-08-07T07:41:27.220Z] >>> [apiv2][query] POST https://upload-firebasehosting.googleapis.com/upload/sites/chatbot-demo-eff43/versions/c8e1d7e86268ce12/files/99890a2a2adac5f51ee4766daa76e490c9345bca10ac345d58595893445dda7f [none]
[debug] [2021-08-07T07:41:27.220Z] >>> [apiv2][body] POST https://upload-firebasehosting.googleapis.com/upload/sites/chatbot-demo-eff43/versions/c8e1d7e86268ce12/files/99890a2a2adac5f51ee4766daa76e490c9345bca10ac345d58595893445dda7f [stream]
[debug] [2021-08-07T07:41:27.228Z] >>> [apiv2][query] POST https://upload-firebasehosting.googleapis.com/upload/sites/chatbot-demo-eff43/versions/c8e1d7e86268ce12/files/2312bad32d362f6d6cf48f54219077fc34f54dcb7eeae10b1a74b95e3a2f5917 [none]
[debug] [2021-08-07T07:41:27.229Z] >>> [apiv2][body] POST https://upload-firebasehosting.googleapis.com/upload/sites/chatbot-demo-eff43/versions/c8e1d7e86268ce12/files/2312bad32d362f6d6cf48f54219077fc34f54dcb7eeae10b1a74b95e3a2f5917 [stream]
[debug] [2021-08-07T07:41:27.230Z] >>> [apiv2][query] POST https://upload-firebasehosting.googleapis.com/upload/sites/chatbot-demo-eff43/versions/c8e1d7e86268ce12/files/173c7af5a02d4d75b998d13cbe77a3cac64f532fbb9c1223e95a3f342f9c0fb2 [none]
[debug] [2021-08-07T07:41:27.230Z] >>> [apiv2][body] POST https://upload-firebasehosting.googleapis.com/upload/sites/chatbot-demo-eff43/versions/c8e1d7e86268ce12/files/173c7af5a02d4d75b998d13cbe77a3cac64f532fbb9c1223e95a3f342f9c0fb2 [stream]
[debug] [2021-08-07T07:41:27.235Z] >>> [apiv2][query] POST https://upload-firebasehosting.googleapis.com/upload/sites/chatbot-demo-eff43/versions/c8e1d7e86268ce12/files/83dfeaa0af22ffcf1408d0c0a26aa06de7f0a6bbee59a19c7d34fe408a0a17fb [none]
[debug] [2021-08-07T07:41:27.235Z] >>> [apiv2][body] POST https://upload-firebasehosting.googleapis.com/upload/sites/chatbot-demo-eff43/versions/c8e1d7e86268ce12/files/83dfeaa0af22ffcf1408d0c0a26aa06de7f0a6bbee59a19c7d34fe408a0a17fb [stream]
[debug] [2021-08-07T07:41:27.237Z] >>> [apiv2][query] POST https://upload-firebasehosting.googleapis.com/upload/sites/chatbot-demo-eff43/versions/c8e1d7e86268ce12/files/8ee79e7ed4d63af95cccc52e5bd2b835761d9a62660208bab2364b47d44dca85 [none]
[debug] [2021-08-07T07:41:27.237Z] >>> [apiv2][body] POST https://upload-firebasehosting.googleapis.com/upload/sites/chatbot-demo-eff43/versions/c8e1d7e86268ce12/files/8ee79e7ed4d63af95cccc52e5bd2b835761d9a62660208bab2364b47d44dca85 [stream]
[debug] [2021-08-07T07:41:27.241Z] >>> [apiv2][query] POST https://upload-firebasehosting.googleapis.com/upload/sites/chatbot-demo-eff43/versions/c8e1d7e86268ce12/files/e50ee86773a2078f39324dc8173725833104d5ae8d1be978e8614a8d0c7d1dd8 [none]
[debug] [2021-08-07T07:41:27.241Z] >>> [apiv2][body] POST https://upload-firebasehosting.googleapis.com/upload/sites/chatbot-demo-eff43/versions/c8e1d7e86268ce12/files/e50ee86773a2078f39324dc8173725833104d5ae8d1be978e8614a8d0c7d1dd8 [stream]
[debug] [2021-08-07T07:41:27.243Z] >>> [apiv2][query] POST https://upload-firebasehosting.googleapis.com/upload/sites/chatbot-demo-eff43/versions/c8e1d7e86268ce12/files/3e69ab5c4ee5cfb201a8dcc9d24a440418dfb102f5e697d80b4a58ea7aa24aa7 [none]
[debug] [2021-08-07T07:41:27.243Z] >>> [apiv2][body] POST https://upload-firebasehosting.googleapis.com/upload/sites/chatbot-demo-eff43/versions/c8e1d7e86268ce12/files/3e69ab5c4ee5cfb201a8dcc9d24a440418dfb102f5e697d80b4a58ea7aa24aa7 [stream]
[debug] [2021-08-07T07:41:27.244Z] >>> [apiv2][query] POST https://upload-firebasehosting.googleapis.com/upload/sites/chatbot-demo-eff43/versions/c8e1d7e86268ce12/files/de2ba5438d4d1d06033c814a21a26d0666e6d534639942fd3866eaec2417ad49 [none]
[debug] [2021-08-07T07:41:27.245Z] >>> [apiv2][body] POST https://upload-firebasehosting.googleapis.com/upload/sites/chatbot-demo-eff43/versions/c8e1d7e86268ce12/files/de2ba5438d4d1d06033c814a21a26d0666e6d534639942fd3866eaec2417ad49 [stream]
[debug] [2021-08-07T07:41:27.246Z] >>> [apiv2][query] POST https://upload-firebasehosting.googleapis.com/upload/sites/chatbot-demo-eff43/versions/c8e1d7e86268ce12/files/33e7c22fc764b9055acfe2047e0f9cd7b02c86149c7b382bc671ddbac7cd2a98 [none]
[debug] [2021-08-07T07:41:27.246Z] >>> [apiv2][body] POST https://upload-firebasehosting.googleapis.com/upload/sites/chatbot-demo-eff43/versions/c8e1d7e86268ce12/files/33e7c22fc764b9055acfe2047e0f9cd7b02c86149c7b382bc671ddbac7cd2a98 [stream]
[debug] [2021-08-07T07:41:27.248Z] >>> [apiv2][query] POST https://upload-firebasehosting.googleapis.com/upload/sites/chatbot-demo-eff43/versions/c8e1d7e86268ce12/files/625ed6af890c4d7ba33899896f6ee21cbd2d20e50d5e2632ad3771efed7a827d [none]
[debug] [2021-08-07T07:41:27.248Z] >>> [apiv2][body] POST https://upload-firebasehosting.googleapis.com/upload/sites/chatbot-demo-eff43/versions/c8e1d7e86268ce12/files/625ed6af890c4d7ba33899896f6ee21cbd2d20e50d5e2632ad3771efed7a827d [stream]
[debug] [2021-08-07T07:41:27.250Z] >>> [apiv2][query] POST https://upload-firebasehosting.googleapis.com/upload/sites/chatbot-demo-eff43/versions/c8e1d7e86268ce12/files/fef6954a40d12a4cf6a2eea943268faf6b97e805340e0c63cd6397301b8234ff [none]
[debug] [2021-08-07T07:41:27.250Z] >>> [apiv2][body] POST https://upload-firebasehosting.googleapis.com/upload/sites/chatbot-demo-eff43/versions/c8e1d7e86268ce12/files/fef6954a40d12a4cf6a2eea943268faf6b97e805340e0c63cd6397301b8234ff [stream]
[debug] [2021-08-07T07:41:27.253Z] [hosting][populate queue][FINAL] {"max":1377,"min":1377,"avg":1377,"active":0,"complete":1,"success":1,"errored":0,"retried":0,"total":1,"elapsed":1419}
[debug] [2021-08-07T07:41:27.254Z] [hosting] uploads queued: 15
[debug] [2021-08-07T07:41:29.460Z] <<< [apiv2][status] POST https://upload-firebasehosting.googleapis.com/upload/sites/chatbot-demo-eff43/versions/c8e1d7e86268ce12/files/83dfeaa0af22ffcf1408d0c0a26aa06de7f0a6bbee59a19c7d34fe408a0a17fb 200
[debug] [2021-08-07T07:41:29.461Z] <<< [apiv2][body] POST https://upload-firebasehosting.googleapis.com/upload/sites/chatbot-demo-eff43/versions/c8e1d7e86268ce12/files/83dfeaa0af22ffcf1408d0c0a26aa06de7f0a6bbee59a19c7d34fe408a0a17fb [stream]
[debug] [2021-08-07T07:41:29.465Z] <<< [apiv2][status] POST https://upload-firebasehosting.googleapis.com/upload/sites/chatbot-demo-eff43/versions/c8e1d7e86268ce12/files/838ab872feb689c8178566b6df8b6651f1d4c314093bda39924253524b84bc61 200
[debug] [2021-08-07T07:41:29.466Z] <<< [apiv2][body] POST https://upload-firebasehosting.googleapis.com/upload/sites/chatbot-demo-eff43/versions/c8e1d7e86268ce12/files/838ab872feb689c8178566b6df8b6651f1d4c314093bda39924253524b84bc61 [stream]
[debug] [2021-08-07T07:41:29.468Z] <<< [apiv2][status] POST https://upload-firebasehosting.googleapis.com/upload/sites/chatbot-demo-eff43/versions/c8e1d7e86268ce12/files/e50ee86773a2078f39324dc8173725833104d5ae8d1be978e8614a8d0c7d1dd8 200
[debug] [2021-08-07T07:41:29.469Z] <<< [apiv2][body] POST https://upload-firebasehosting.googleapis.com/upload/sites/chatbot-demo-eff43/versions/c8e1d7e86268ce12/files/e50ee86773a2078f39324dc8173725833104d5ae8d1be978e8614a8d0c7d1dd8 [stream]
[debug] [2021-08-07T07:41:29.470Z] <<< [apiv2][status] POST https://upload-firebasehosting.googleapis.com/upload/sites/chatbot-demo-eff43/versions/c8e1d7e86268ce12/files/fef6954a40d12a4cf6a2eea943268faf6b97e805340e0c63cd6397301b8234ff 200
[debug] [2021-08-07T07:41:29.470Z] <<< [apiv2][body] POST https://upload-firebasehosting.googleapis.com/upload/sites/chatbot-demo-eff43/versions/c8e1d7e86268ce12/files/fef6954a40d12a4cf6a2eea943268faf6b97e805340e0c63cd6397301b8234ff [stream]
[debug] [2021-08-07T07:41:29.478Z] <<< [apiv2][status] POST https://upload-firebasehosting.googleapis.com/upload/sites/chatbot-demo-eff43/versions/c8e1d7e86268ce12/files/625ed6af890c4d7ba33899896f6ee21cbd2d20e50d5e2632ad3771efed7a827d 200
[debug] [2021-08-07T07:41:29.479Z] <<< [apiv2][body] POST https://upload-firebasehosting.googleapis.com/upload/sites/chatbot-demo-eff43/versions/c8e1d7e86268ce12/files/625ed6af890c4d7ba33899896f6ee21cbd2d20e50d5e2632ad3771efed7a827d [stream]
[debug] [2021-08-07T07:41:29.481Z] <<< [apiv2][status] POST https://upload-firebasehosting.googleapis.com/upload/sites/chatbot-demo-eff43/versions/c8e1d7e86268ce12/files/33e7c22fc764b9055acfe2047e0f9cd7b02c86149c7b382bc671ddbac7cd2a98 200
[debug] [2021-08-07T07:41:29.481Z] <<< [apiv2][body] POST https://upload-firebasehosting.googleapis.com/upload/sites/chatbot-demo-eff43/versions/c8e1d7e86268ce12/files/33e7c22fc764b9055acfe2047e0f9cd7b02c86149c7b382bc671ddbac7cd2a98 [stream]
[debug] [2021-08-07T07:41:29.483Z] <<< [apiv2][status] POST https://upload-firebasehosting.googleapis.com/upload/sites/chatbot-demo-eff43/versions/c8e1d7e86268ce12/files/2312bad32d362f6d6cf48f54219077fc34f54dcb7eeae10b1a74b95e3a2f5917 200
[debug] [2021-08-07T07:41:29.484Z] <<< [apiv2][body] POST https://upload-firebasehosting.googleapis.com/upload/sites/chatbot-demo-eff43/versions/c8e1d7e86268ce12/files/2312bad32d362f6d6cf48f54219077fc34f54dcb7eeae10b1a74b95e3a2f5917 [stream]
[debug] [2021-08-07T07:41:29.485Z] <<< [apiv2][status] POST https://upload-firebasehosting.googleapis.com/upload/sites/chatbot-demo-eff43/versions/c8e1d7e86268ce12/files/5e95adf3a99ebc27dfa90729d7cafe50e8b270b6682249592703f26be59bcf41 200
[debug] [2021-08-07T07:41:29.486Z] <<< [apiv2][body] POST https://upload-firebasehosting.googleapis.com/upload/sites/chatbot-demo-eff43/versions/c8e1d7e86268ce12/files/5e95adf3a99ebc27dfa90729d7cafe50e8b270b6682249592703f26be59bcf41 [stream]
[debug] [2021-08-07T07:41:29.742Z] <<< [apiv2][status] POST https://upload-firebasehosting.googleapis.com/upload/sites/chatbot-demo-eff43/versions/c8e1d7e86268ce12/files/8ee79e7ed4d63af95cccc52e5bd2b835761d9a62660208bab2364b47d44dca85 200
[debug] [2021-08-07T07:41:29.742Z] <<< [apiv2][body] POST https://upload-firebasehosting.googleapis.com/upload/sites/chatbot-demo-eff43/versions/c8e1d7e86268ce12/files/8ee79e7ed4d63af95cccc52e5bd2b835761d9a62660208bab2364b47d44dca85 [stream]
[debug] [2021-08-07T07:41:29.743Z] <<< [apiv2][status] POST https://upload-firebasehosting.googleapis.com/upload/sites/chatbot-demo-eff43/versions/c8e1d7e86268ce12/files/3e69ab5c4ee5cfb201a8dcc9d24a440418dfb102f5e697d80b4a58ea7aa24aa7 200
[debug] [2021-08-07T07:41:29.743Z] <<< [apiv2][body] POST https://upload-firebasehosting.googleapis.com/upload/sites/chatbot-demo-eff43/versions/c8e1d7e86268ce12/files/3e69ab5c4ee5cfb201a8dcc9d24a440418dfb102f5e697d80b4a58ea7aa24aa7 [stream]
[debug] [2021-08-07T07:41:29.746Z] <<< [apiv2][status] POST https://upload-firebasehosting.googleapis.com/upload/sites/chatbot-demo-eff43/versions/c8e1d7e86268ce12/files/173c7af5a02d4d75b998d13cbe77a3cac64f532fbb9c1223e95a3f342f9c0fb2 200
[debug] [2021-08-07T07:41:29.746Z] <<< [apiv2][body] POST https://upload-firebasehosting.googleapis.com/upload/sites/chatbot-demo-eff43/versions/c8e1d7e86268ce12/files/173c7af5a02d4d75b998d13cbe77a3cac64f532fbb9c1223e95a3f342f9c0fb2 [stream]
[debug] [2021-08-07T07:41:30.132Z] <<< [apiv2][status] POST https://upload-firebasehosting.googleapis.com/upload/sites/chatbot-demo-eff43/versions/c8e1d7e86268ce12/files/99890a2a2adac5f51ee4766daa76e490c9345bca10ac345d58595893445dda7f 200
[debug] [2021-08-07T07:41:30.133Z] <<< [apiv2][body] POST https://upload-firebasehosting.googleapis.com/upload/sites/chatbot-demo-eff43/versions/c8e1d7e86268ce12/files/99890a2a2adac5f51ee4766daa76e490c9345bca10ac345d58595893445dda7f [stream]
[debug] [2021-08-07T07:41:30.234Z] <<< [apiv2][status] POST https://upload-firebasehosting.googleapis.com/upload/sites/chatbot-demo-eff43/versions/c8e1d7e86268ce12/files/6af23f85fcd146cd5fc0dfd1fe2bb0128b54250a6c2d6f282923870a45bc5e08 200
[debug] [2021-08-07T07:41:30.235Z] <<< [apiv2][body] POST https://upload-firebasehosting.googleapis.com/upload/sites/chatbot-demo-eff43/versions/c8e1d7e86268ce12/files/6af23f85fcd146cd5fc0dfd1fe2bb0128b54250a6c2d6f282923870a45bc5e08 [stream]
[debug] [2021-08-07T07:41:31.146Z] <<< [apiv2][status] POST https://upload-firebasehosting.googleapis.com/upload/sites/chatbot-demo-eff43/versions/c8e1d7e86268ce12/files/f041ee65ff07226f15d229b8f72c2482090695cc33a2d1ec7104ab8044387700 200
[debug] [2021-08-07T07:41:31.146Z] <<< [apiv2][body] POST https://upload-firebasehosting.googleapis.com/upload/sites/chatbot-demo-eff43/versions/c8e1d7e86268ce12/files/f041ee65ff07226f15d229b8f72c2482090695cc33a2d1ec7104ab8044387700 [stream]
[debug] [2021-08-07T07:41:31.551Z] <<< [apiv2][status] POST https://upload-firebasehosting.googleapis.com/upload/sites/chatbot-demo-eff43/versions/c8e1d7e86268ce12/files/de2ba5438d4d1d06033c814a21a26d0666e6d534639942fd3866eaec2417ad49 200
[debug] [2021-08-07T07:41:31.551Z] <<< [apiv2][body] POST https://upload-firebasehosting.googleapis.com/upload/sites/chatbot-demo-eff43/versions/c8e1d7e86268ce12/files/de2ba5438d4d1d06033c814a21a26d0666e6d534639942fd3866eaec2417ad49 [stream]
[debug] [2021-08-07T07:41:31.551Z] [hosting][upload queue][FINAL] {"max":4342,"min":2253,"avg":2665.3333333333335,"active":0,"complete":15,"success":15,"errored":0,"retried":0,"total":15,"elapsed":4347}
[info] +  hosting[chatbot-demo-eff43]: file upload complete 
[debug] [2021-08-07T07:41:31.552Z] [hosting] deploy completed after 6327ms
[debug] [2021-08-07T07:41:31.555Z] [rules] releasing cloud.firestore with ruleset projects/chatbot-demo-eff43/rulesets/96583304-a571-4e11-9585-2d0a7cde69e3
[debug] [2021-08-07T07:41:31.556Z] > refreshing access token with scopes: ["email","https://www.googleapis.com/auth/cloud-platform","https://www.googleapis.com/auth/cloudplatformprojects.readonly","https://www.googleapis.com/auth/firebase","openid"]
[debug] [2021-08-07T07:41:31.556Z] >>> HTTP REQUEST POST https://www.googleapis.com/oauth2/v3/token  
 <request body omitted>
[debug] [2021-08-07T07:41:31.791Z] <<< HTTP RESPONSE 200 {"cache-control":"no-cache, no-store, max-age=0, must-revalidate","expires":"Mon, 01 Jan 1990 00:00:00 GMT","pragma":"no-cache","date":"Sat, 07 Aug 2021 07:41:30 GMT","content-type":"application/json; charset=utf-8","vary":"X-Origin, Referer, Origin,Accept-Encoding","server":"scaffolding on HTTPServer2","x-xss-protection":"0","x-frame-options":"SAMEORIGIN","x-content-type-options":"nosniff","alt-svc":"h3=\":443\"; ma=2592000,h3-29=\":443\"; ma=2592000,h3-T051=\":443\"; ma=2592000,h3-Q050=\":443\"; ma=2592000,h3-Q046=\":443\"; ma=2592000,h3-Q043=\":443\"; ma=2592000,quic=\":443\"; ma=2592000; v=\"46,43\"","accept-ranges":"none","transfer-encoding":"chunked"}
[debug] [2021-08-07T07:41:31.807Z] >>> HTTP REQUEST PATCH https://firebaserules.googleapis.com/v1/projects/chatbot-demo-eff43/releases/cloud.firestore  
 {"release":{"name":"projects/chatbot-demo-eff43/releases/cloud.firestore","rulesetName":"projects/chatbot-demo-eff43/rulesets/96583304-a571-4e11-9585-2d0a7cde69e3"}}
[debug] [2021-08-07T07:41:33.010Z] <<< HTTP RESPONSE 200 {"content-type":"application/json; charset=UTF-8","vary":"X-Origin, Referer, Origin,Accept-Encoding","date":"Sat, 07 Aug 2021 07:41:31 GMT","server":"ESF","cache-control":"private","x-xss-protection":"0","x-frame-options":"SAMEORIGIN","x-content-type-options":"nosniff","alt-svc":"h3=\":443\"; ma=2592000,h3-29=\":443\"; ma=2592000,h3-T051=\":443\"; ma=2592000,h3-Q050=\":443\"; ma=2592000,h3-Q046=\":443\"; ma=2592000,h3-Q043=\":443\"; ma=2592000,quic=\":443\"; ma=2592000; v=\"46,43\"","accept-ranges":"none","transfer-encoding":"chunked"}
[debug] [2021-08-07T07:41:33.011Z] [rules] updated release projects/chatbot-demo-eff43/releases/cloud.firestore
[info] +  firestore: released rules firestore.rules to cloud.firestore 
[debug] [2021-08-07T07:41:33.215Z] TypeError: Cannot read property 'length' of undefined
    at Object.functionMatchesAnyGroup (C:\Users\hiro\AppData\Roaming\npm\node_modules\firebase-tools\lib\deploy\functions\functionsDeployHelper.js:11:23)
    at C:\Users\hiro\AppData\Roaming\npm\node_modules\firebase-tools\lib\deploy\functions\deploymentPlanner.js:25:56
    at Array.filter (<anonymous>)
    at calculateRegionalFunctionChanges (C:\Users\hiro\AppData\Roaming\npm\node_modules\firebase-tools\lib\deploy\functions\deploymentPlanner.js:25:17)
    at Object.createDeploymentPlan (C:\Users\hiro\AppData\Roaming\npm\node_modules\firebase-tools\lib\deploy\functions\deploymentPlanner.js:53:50)
    at release (C:\Users\hiro\AppData\Roaming\npm\node_modules\firebase-tools\lib\deploy\functions\release.js:24:48)
    at runMicrotasks (<anonymous>)
    at processTicksAndRejections (internal/process/task_queues.js:95:5)
[error] 
[error] Error: An unexpected error has occurred.
[debug] [2021-08-07T07:42:49.559Z] ----------------------------------------------------------------------
[debug] [2021-08-07T07:42:49.562Z] Command:       C:\Program Files\nodejs\node.exe C:\Users\hiro\AppData\Roaming\npm\node_modules\firebase-tools\lib\bin\firebase.js deploy
[debug] [2021-08-07T07:42:49.563Z] CLI Version:   9.16.0
[debug] [2021-08-07T07:42:49.563Z] Platform:      win32
[debug] [2021-08-07T07:42:49.563Z] Node Version:  v14.17.3
[debug] [2021-08-07T07:42:49.564Z] Time:          Sat Aug 07 2021 16:42:49 GMT+0900 (日本標準時)
[debug] [2021-08-07T07:42:49.564Z] ----------------------------------------------------------------------
[debug] 
[debug] [2021-08-07T07:42:49.659Z] > command requires scopes: ["email","openid","https://www.googleapis.com/auth/cloudplatformprojects.readonly","https://www.googleapis.com/auth/firebase","https://www.googleapis.com/auth/cloud-platform"]
[debug] [2021-08-07T07:42:49.659Z] > authorizing via signed-in user (suzuhiro5145@gmail.com)
[debug] [2021-08-07T07:42:49.659Z] [iam] checking project chatbot-demo-eff43 for permissions ["cloudfunctions.functions.create","cloudfunctions.functions.delete","cloudfunctions.functions.get","cloudfunctions.functions.list","cloudfunctions.functions.update","cloudfunctions.operations.get","datastore.indexes.create","datastore.indexes.delete","datastore.indexes.list","datastore.indexes.update","firebase.projects.get","firebasehosting.sites.update"]
[debug] [2021-08-07T07:42:49.662Z] >>> HTTP REQUEST POST https://cloudresourcemanager.googleapis.com/v1/projects/chatbot-demo-eff43:testIamPermissions  
 {"permissions":["cloudfunctions.functions.create","cloudfunctions.functions.delete","cloudfunctions.functions.get","cloudfunctions.functions.list","cloudfunctions.functions.update","cloudfunctions.operations.get","datastore.indexes.create","datastore.indexes.delete","datastore.indexes.list","datastore.indexes.update","firebase.projects.get","firebasehosting.sites.update"]}
[debug] [2021-08-07T07:42:50.357Z] <<< HTTP RESPONSE 200 {"content-type":"application/json; charset=UTF-8","vary":"X-Origin, Referer, Origin,Accept-Encoding","date":"Sat, 07 Aug 2021 07:42:49 GMT","server":"ESF","cache-control":"private","x-xss-protection":"0","x-frame-options":"SAMEORIGIN","x-content-type-options":"nosniff","server-timing":"gfet4t7; dur=558","alt-svc":"h3=\":443\"; ma=2592000,h3-29=\":443\"; ma=2592000,h3-T051=\":443\"; ma=2592000,h3-Q050=\":443\"; ma=2592000,h3-Q046=\":443\"; ma=2592000,h3-Q043=\":443\"; ma=2592000,quic=\":443\"; ma=2592000; v=\"46,43\"","accept-ranges":"none","transfer-encoding":"chunked"}
[debug] [2021-08-07T07:42:50.363Z] >>> HTTP REQUEST POST https://iam.googleapis.com/v1/projects/chatbot-demo-eff43/serviceAccounts/chatbot-demo-eff43@appspot.gserviceaccount.com:testIamPermissions  
 {"permissions":["iam.serviceAccounts.actAs"]}
[debug] [2021-08-07T07:42:51.113Z] <<< HTTP RESPONSE 200 {"content-type":"application/json; charset=UTF-8","vary":"X-Origin, Referer, Origin,Accept-Encoding","date":"Sat, 07 Aug 2021 07:42:49 GMT","server":"ESF","cache-control":"private","x-xss-protection":"0","x-frame-options":"SAMEORIGIN","x-content-type-options":"nosniff","alt-svc":"h3=\":443\"; ma=2592000,h3-29=\":443\"; ma=2592000,h3-T051=\":443\"; ma=2592000,h3-Q050=\":443\"; ma=2592000,h3-Q046=\":443\"; ma=2592000,h3-Q043=\":443\"; ma=2592000,quic=\":443\"; ma=2592000; v=\"46,43\"","accept-ranges":"none","transfer-encoding":"chunked"}
[debug] [2021-08-07T07:42:51.120Z] > refreshing access token with scopes: []
[debug] [2021-08-07T07:42:51.121Z] >>> HTTP REQUEST POST https://www.googleapis.com/oauth2/v3/token  
 <request body omitted>
[debug] [2021-08-07T07:42:51.314Z] <<< HTTP RESPONSE 200 {"cache-control":"no-cache, no-store, max-age=0, must-revalidate","date":"Sat, 07 Aug 2021 07:42:50 GMT","expires":"Mon, 01 Jan 1990 00:00:00 GMT","pragma":"no-cache","content-type":"application/json; charset=utf-8","vary":"X-Origin, Referer, Origin,Accept-Encoding","server":"scaffolding on HTTPServer2","x-xss-protection":"0","x-frame-options":"SAMEORIGIN","x-content-type-options":"nosniff","alt-svc":"h3=\":443\"; ma=2592000,h3-29=\":443\"; ma=2592000,h3-T051=\":443\"; ma=2592000,h3-Q050=\":443\"; ma=2592000,h3-Q046=\":443\"; ma=2592000,h3-Q043=\":443\"; ma=2592000,quic=\":443\"; ma=2592000; v=\"46,43\"","accept-ranges":"none","transfer-encoding":"chunked"}
[debug] [2021-08-07T07:42:51.339Z] >>> [apiv2][query] GET https://firebase.googleapis.com/v1beta1/projects/chatbot-demo-eff43 [none]
[debug] [2021-08-07T07:42:51.805Z] <<< [apiv2][status] GET https://firebase.googleapis.com/v1beta1/projects/chatbot-demo-eff43 200
[debug] [2021-08-07T07:42:51.805Z] <<< [apiv2][body] GET https://firebase.googleapis.com/v1beta1/projects/chatbot-demo-eff43 {"projectId":"chatbot-demo-eff43","projectNumber":"1048343629353","displayName":"chatbot-demo","name":"projects/chatbot-demo-eff43","resources":{"hostingSite":"chatbot-demo-eff43","storageBucket":"chatbot-demo-eff43.appspot.com","locationId":"asia-northeast1"},"state":"ACTIVE"}
[info] 
[info] === Deploying to 'chatbot-demo-eff43'...
[info] 
[info] i  deploying firestore, functions, hosting 
[info] Running command: npm --prefix "$RESOURCE_DIR" run lint
[info] Running command: npm --prefix "$RESOURCE_DIR" run build
[info] +  functions: Finished running predeploy script. 
[info] i  firestore: reading indexes from firestore.indexes.json... 
[info] i  cloud.firestore: checking firestore.rules for compilation errors... 
[debug] [2021-08-07T07:43:14.315Z] > refreshing access token with scopes: ["email","https://www.googleapis.com/auth/cloud-platform","https://www.googleapis.com/auth/cloudplatformprojects.readonly","https://www.googleapis.com/auth/firebase","openid"]
[debug] [2021-08-07T07:43:14.315Z] >>> HTTP REQUEST POST https://www.googleapis.com/oauth2/v3/token  
 <request body omitted>
[debug] [2021-08-07T07:43:14.535Z] <<< HTTP RESPONSE 200 {"expires":"Mon, 01 Jan 1990 00:00:00 GMT","pragma":"no-cache","cache-control":"no-cache, no-store, max-age=0, must-revalidate","date":"Sat, 07 Aug 2021 07:43:13 GMT","content-type":"application/json; charset=utf-8","vary":"X-Origin, Referer, Origin,Accept-Encoding","server":"scaffolding on HTTPServer2","x-xss-protection":"0","x-frame-options":"SAMEORIGIN","x-content-type-options":"nosniff","alt-svc":"h3=\":443\"; ma=2592000,h3-29=\":443\"; ma=2592000,h3-T051=\":443\"; ma=2592000,h3-Q050=\":443\"; ma=2592000,h3-Q046=\":443\"; ma=2592000,h3-Q043=\":443\"; ma=2592000,quic=\":443\"; ma=2592000; v=\"46,43\"","accept-ranges":"none","transfer-encoding":"chunked"}
[debug] [2021-08-07T07:43:14.558Z] >>> HTTP REQUEST POST https://firebaserules.googleapis.com/v1/projects/chatbot-demo-eff43:test  
 {"source":{"files":[{"name":"firestore.rules","content":"rules_version = '2';\nservice cloud.firestore {\n  match /databases/{database}/documents {\n    match /{document=**} {\n      allow read;\n      allow write: if request.auth.uid != null;\n    }\n  }\n}"}]}}
[debug] [2021-08-07T07:43:15.682Z] <<< HTTP RESPONSE 200 {"content-type":"application/json; charset=UTF-8","vary":"X-Origin, Referer, Origin,Accept-Encoding","date":"Sat, 07 Aug 2021 07:43:14 GMT","server":"ESF","cache-control":"private","x-xss-protection":"0","x-frame-options":"SAMEORIGIN","x-content-type-options":"nosniff","alt-svc":"h3=\":443\"; ma=2592000,h3-29=\":443\"; ma=2592000,h3-T051=\":443\"; ma=2592000,h3-Q050=\":443\"; ma=2592000,h3-Q046=\":443\"; ma=2592000,h3-Q043=\":443\"; ma=2592000,quic=\":443\"; ma=2592000; v=\"46,43\"","accept-ranges":"none","transfer-encoding":"chunked"}
[info] +  cloud.firestore: rules file firestore.rules compiled successfully 
[debug] [2021-08-07T07:43:15.687Z] Validating nodejs source
[debug] [2021-08-07T07:43:22.465Z] > [functions] package.json contents: {
  "name": "functions",
  "scripts": {
    "lint": "eslint --ext .js,.ts .",
    "build": "tsc",
    "serve": "npm run build && firebase emulators:start --only functions",
    "shell": "npm run build && firebase functions:shell",
    "start": "npm run shell",
    "deploy": "firebase deploy --only functions",
    "logs": "firebase functions:log"
  },
  "engines": {
    "node": "14"
  },
  "main": "lib/index.js",
  "dependencies": {
    "firebase-admin": "^9.8.0",
    "firebase-functions": "^3.14.1"
  },
  "devDependencies": {
    "@typescript-eslint/eslint-plugin": "^3.9.1",
    "@typescript-eslint/parser": "^3.8.0",
    "eslint": "^7.6.0",
    "eslint-config-google": "^0.14.0",
    "eslint-plugin-import": "^2.22.0",
    "firebase-functions-test": "^0.2.0",
    "typescript": "^3.8.0"
  },
  "private": true
}
[debug] [2021-08-07T07:43:22.466Z] Building nodejs source
[info] i  functions: ensuring required API cloudfunctions.googleapis.com is enabled... 
[info] i  functions: ensuring required API cloudbuild.googleapis.com is enabled... 
[debug] [2021-08-07T07:43:22.468Z] >>> HTTP REQUEST GET https://serviceusage.googleapis.com/v1/projects/chatbot-demo-eff43/services/cloudfunctions.googleapis.com  
 
[debug] [2021-08-07T07:43:22.469Z] >>> HTTP REQUEST GET https://serviceusage.googleapis.com/v1/projects/chatbot-demo-eff43/services/runtimeconfig.googleapis.com  
 
[debug] [2021-08-07T07:43:22.470Z] >>> HTTP REQUEST GET https://serviceusage.googleapis.com/v1/projects/chatbot-demo-eff43/services/cloudbuild.googleapis.com  
 
[debug] [2021-08-07T07:43:29.658Z] <<< HTTP RESPONSE 200 {"content-type":"application/json; charset=UTF-8","vary":"X-Origin, Referer, Origin,Accept-Encoding","date":"Sat, 07 Aug 2021 07:43:27 GMT","server":"ESF","cache-control":"private","x-xss-protection":"0","x-frame-options":"SAMEORIGIN","x-content-type-options":"nosniff","alt-svc":"h3=\":443\"; ma=2592000,h3-29=\":443\"; ma=2592000,h3-T051=\":443\"; ma=2592000,h3-Q050=\":443\"; ma=2592000,h3-Q046=\":443\"; ma=2592000,h3-Q043=\":443\"; ma=2592000,quic=\":443\"; ma=2592000; v=\"46,43\"","accept-ranges":"none","transfer-encoding":"chunked"}
[debug] [2021-08-07T07:43:30.664Z] <<< HTTP RESPONSE 200 {"content-type":"application/json; charset=UTF-8","vary":"X-Origin, Referer, Origin,Accept-Encoding","date":"Sat, 07 Aug 2021 07:43:27 GMT","server":"ESF","cache-control":"private","x-xss-protection":"0","x-frame-options":"SAMEORIGIN","x-content-type-options":"nosniff","alt-svc":"h3=\":443\"; ma=2592000,h3-29=\":443\"; ma=2592000,h3-T051=\":443\"; ma=2592000,h3-Q050=\":443\"; ma=2592000,h3-Q046=\":443\"; ma=2592000,h3-Q043=\":443\"; ma=2592000,quic=\":443\"; ma=2592000; v=\"46,43\"","accept-ranges":"none","transfer-encoding":"chunked"}
[info] +  functions: required API cloudbuild.googleapis.com is enabled 
[debug] [2021-08-07T07:43:30.824Z] <<< HTTP RESPONSE 200 {"content-type":"application/json; charset=UTF-8","vary":"X-Origin, Referer, Origin,Accept-Encoding","date":"Sat, 07 Aug 2021 07:43:27 GMT","server":"ESF","cache-control":"private","x-xss-protection":"0","x-frame-options":"SAMEORIGIN","x-content-type-options":"nosniff","alt-svc":"h3=\":443\"; ma=2592000,h3-29=\":443\"; ma=2592000,h3-T051=\":443\"; ma=2592000,h3-Q050=\":443\"; ma=2592000,h3-Q046=\":443\"; ma=2592000,h3-Q043=\":443\"; ma=2592000,quic=\":443\"; ma=2592000; v=\"46,43\"","accept-ranges":"none","transfer-encoding":"chunked"}
[info] +  functions: required API cloudfunctions.googleapis.com is enabled 
[debug] [2021-08-07T07:43:30.831Z] >>> HTTP REQUEST GET https://firebase.googleapis.com/v1beta1/projects/chatbot-demo-eff43/adminSdkConfig  
 
[debug] [2021-08-07T07:43:32.013Z] <<< HTTP RESPONSE 200 {"content-type":"application/json; charset=UTF-8","vary":"X-Origin, Referer, Origin,Accept-Encoding","date":"Sat, 07 Aug 2021 07:43:30 GMT","server":"ESF","cache-control":"private","x-xss-protection":"0","x-frame-options":"SAMEORIGIN","x-content-type-options":"nosniff","alt-svc":"h3=\":443\"; ma=2592000,h3-29=\":443\"; ma=2592000,h3-T051=\":443\"; ma=2592000,h3-Q050=\":443\"; ma=2592000,h3-Q046=\":443\"; ma=2592000,h3-Q043=\":443\"; ma=2592000,quic=\":443\"; ma=2592000; v=\"46,43\"","accept-ranges":"none","transfer-encoding":"chunked"}
[debug] [2021-08-07T07:43:32.016Z] >>> HTTP REQUEST GET https://runtimeconfig.googleapis.com/v1beta1/projects/chatbot-demo-eff43/configs  
 
[debug] [2021-08-07T07:43:32.645Z] <<< HTTP RESPONSE 200 {"content-type":"application/json; charset=UTF-8","vary":"X-Origin, Referer, Origin,Accept-Encoding","date":"Sat, 07 Aug 2021 07:43:31 GMT","server":"ESF","cache-control":"private","x-xss-protection":"0","x-frame-options":"SAMEORIGIN","x-content-type-options":"nosniff","alt-svc":"h3=\":443\"; ma=2592000,h3-29=\":443\"; ma=2592000,h3-T051=\":443\"; ma=2592000,h3-Q050=\":443\"; ma=2592000,h3-Q046=\":443\"; ma=2592000,h3-Q043=\":443\"; ma=2592000,quic=\":443\"; ma=2592000; v=\"46,43\"","accept-ranges":"none","transfer-encoding":"chunked"}
[debug] [2021-08-07T07:43:32.647Z] Analyzing nodejs backend spec
[debug] [2021-08-07T07:43:32.770Z] >>> HTTP REQUEST POST https://firebasehosting.googleapis.com/v1beta1/sites/chatbot-demo-eff43/versions  
 {"config":{"rewrites":[{"glob":"**","path":"/index.html"}]},"labels":{"deployment-tool":"cli-firebase"}}
[debug] [2021-08-07T07:43:34.222Z] <<< HTTP RESPONSE 200 {"content-type":"application/json; charset=UTF-8","vary":"X-Origin, Referer, Origin,Accept-Encoding","date":"Sat, 07 Aug 2021 07:43:32 GMT","server":"ESF","cache-control":"private","x-xss-protection":"0","x-frame-options":"SAMEORIGIN","x-content-type-options":"nosniff","alt-svc":"h3=\":443\"; ma=2592000,h3-29=\":443\"; ma=2592000,h3-T051=\":443\"; ma=2592000,h3-Q050=\":443\"; ma=2592000,h3-Q046=\":443\"; ma=2592000,h3-Q043=\":443\"; ma=2592000,quic=\":443\"; ma=2592000; v=\"46,43\"","accept-ranges":"none","transfer-encoding":"chunked"}
[debug] [2021-08-07T07:43:34.226Z] >>> HTTP REQUEST GET https://firebaserules.googleapis.com/v1/projects/chatbot-demo-eff43/releases?pageSize=10&pageToken=  
 
[debug] [2021-08-07T07:43:34.227Z] >>> HTTP REQUEST GET https://firestore.googleapis.com/v1/projects/chatbot-demo-eff43/databases/(default)/collectionGroups/-/indexes  
 
[debug] [2021-08-07T07:43:34.449Z] <<< HTTP RESPONSE 200 {"content-type":"application/json; charset=UTF-8","vary":"X-Origin, Referer, Origin,Accept-Encoding","date":"Sat, 07 Aug 2021 07:43:33 GMT","server":"ESF","cache-control":"private","x-xss-protection":"0","x-frame-options":"SAMEORIGIN","x-content-type-options":"nosniff","alt-svc":"h3=\":443\"; ma=2592000,h3-29=\":443\"; ma=2592000,h3-T051=\":443\"; ma=2592000,h3-Q050=\":443\"; ma=2592000,h3-Q046=\":443\"; ma=2592000,h3-Q043=\":443\"; ma=2592000,quic=\":443\"; ma=2592000; v=\"46,43\"","accept-ranges":"none","transfer-encoding":"chunked"}
[debug] [2021-08-07T07:43:34.455Z] >>> HTTP REQUEST GET https://firestore.googleapis.com/v1/projects/chatbot-demo-eff43/databases/(default)/collectionGroups/-/fields?filter=indexConfig.usesAncestorConfig=false  
 
[debug] [2021-08-07T07:43:34.923Z] <<< HTTP RESPONSE 200 {"content-type":"application/json; charset=UTF-8","vary":"X-Origin, Referer, Origin,Accept-Encoding","date":"Sat, 07 Aug 2021 07:43:33 GMT","server":"ESF","cache-control":"private","x-xss-protection":"0","x-frame-options":"SAMEORIGIN","x-content-type-options":"nosniff","alt-svc":"h3=\":443\"; ma=2592000,h3-29=\":443\"; ma=2592000,h3-T051=\":443\"; ma=2592000,h3-Q050=\":443\"; ma=2592000,h3-Q046=\":443\"; ma=2592000,h3-Q043=\":443\"; ma=2592000,quic=\":443\"; ma=2592000; v=\"46,43\"","accept-ranges":"none","transfer-encoding":"chunked"}
[info] +  firestore: deployed indexes in firestore.indexes.json successfully 
[debug] [2021-08-07T07:43:35.454Z] <<< HTTP RESPONSE 200 {"content-type":"application/json; charset=UTF-8","vary":"X-Origin, Referer, Origin,Accept-Encoding","date":"Sat, 07 Aug 2021 07:43:34 GMT","server":"ESF","cache-control":"private","x-xss-protection":"0","x-frame-options":"SAMEORIGIN","x-content-type-options":"nosniff","alt-svc":"h3=\":443\"; ma=2592000,h3-29=\":443\"; ma=2592000,h3-T051=\":443\"; ma=2592000,h3-Q050=\":443\"; ma=2592000,h3-Q046=\":443\"; ma=2592000,h3-Q043=\":443\"; ma=2592000,quic=\":443\"; ma=2592000; v=\"46,43\"","accept-ranges":"none","transfer-encoding":"chunked"}
[debug] [2021-08-07T07:43:35.458Z] >>> HTTP REQUEST GET https://firebaserules.googleapis.com/v1/projects/chatbot-demo-eff43/rulesets/96583304-a571-4e11-9585-2d0a7cde69e3  
 
[debug] [2021-08-07T07:43:37.089Z] <<< HTTP RESPONSE 200 {"content-type":"application/json; charset=UTF-8","vary":"X-Origin, Referer, Origin,Accept-Encoding","date":"Sat, 07 Aug 2021 07:43:35 GMT","server":"ESF","cache-control":"private","x-xss-protection":"0","x-frame-options":"SAMEORIGIN","x-content-type-options":"nosniff","alt-svc":"h3=\":443\"; ma=2592000,h3-29=\":443\"; ma=2592000,h3-T051=\":443\"; ma=2592000,h3-Q050=\":443\"; ma=2592000,h3-Q046=\":443\"; ma=2592000,h3-Q043=\":443\"; ma=2592000,quic=\":443\"; ma=2592000; v=\"46,43\"","accept-ranges":"none","transfer-encoding":"chunked"}
[info] i  firestore: latest version of firestore.rules already up to date, skipping upload... 
[debug] [2021-08-07T07:43:37.101Z] >>> HTTP REQUEST GET https://cloudfunctions.googleapis.com/v1/projects/chatbot-demo-eff43/locations/-/functions  
 
[debug] [2021-08-07T07:43:38.468Z] <<< HTTP RESPONSE 200 {"content-type":"application/json; charset=UTF-8","vary":"X-Origin, Referer, Origin,Accept-Encoding","date":"Sat, 07 Aug 2021 07:43:37 GMT","server":"ESF","cache-control":"private","x-xss-protection":"0","x-frame-options":"SAMEORIGIN","x-content-type-options":"nosniff","alt-svc":"h3=\":443\"; ma=2592000,h3-29=\":443\"; ma=2592000,h3-T051=\":443\"; ma=2592000,h3-Q050=\":443\"; ma=2592000,h3-Q046=\":443\"; ma=2592000,h3-Q043=\":443\"; ma=2592000,quic=\":443\"; ma=2592000; v=\"46,43\"","accept-ranges":"none","transfer-encoding":"chunked"}
[info] i  hosting[chatbot-demo-eff43]: beginning deploy... 
[info] i  hosting[chatbot-demo-eff43]: found 20 files in build 
[debug] [2021-08-07T07:43:38.506Z] > refreshing access token with scopes: []
[debug] [2021-08-07T07:43:38.508Z] >>> HTTP REQUEST POST https://www.googleapis.com/oauth2/v3/token  
 <request body omitted>
[debug] [2021-08-07T07:43:38.511Z] [hosting] hash cache [YnVpbGQ] stored for 20 files
[debug] [2021-08-07T07:43:38.512Z] [hosting][hash queue][FINAL] {"max":4,"min":1,"avg":1,"active":0,"complete":20,"success":20,"errored":0,"retried":0,"total":20,"elapsed":12}
[debug] [2021-08-07T07:43:38.789Z] <<< HTTP RESPONSE 200 {"date":"Sat, 07 Aug 2021 07:43:37 GMT","expires":"Mon, 01 Jan 1990 00:00:00 GMT","cache-control":"no-cache, no-store, max-age=0, must-revalidate","pragma":"no-cache","content-type":"application/json; charset=utf-8","vary":"X-Origin, Referer, Origin,Accept-Encoding","server":"scaffolding on HTTPServer2","x-xss-protection":"0","x-frame-options":"SAMEORIGIN","x-content-type-options":"nosniff","alt-svc":"h3=\":443\"; ma=2592000,h3-29=\":443\"; ma=2592000,h3-T051=\":443\"; ma=2592000,h3-Q050=\":443\"; ma=2592000,h3-Q046=\":443\"; ma=2592000,h3-Q043=\":443\"; ma=2592000,quic=\":443\"; ma=2592000; v=\"46,43\"","accept-ranges":"none","transfer-encoding":"chunked"}
[debug] [2021-08-07T07:43:38.819Z] >>> [apiv2][query] POST https://firebasehosting.googleapis.com/v1beta1/sites/chatbot-demo-eff43/versions/661e46748b39d3e1:populateFiles [none]
[debug] [2021-08-07T07:43:38.819Z] >>> [apiv2][body] POST https://firebasehosting.googleapis.com/v1beta1/sites/chatbot-demo-eff43/versions/661e46748b39d3e1:populateFiles {"files":{"/asset-manifest.json":"5e95adf3a99ebc27dfa90729d7cafe50e8b270b6682249592703f26be59bcf41","/favicon.ico":"eae62e993eb980ec8a25058c39d5a51feab118bd2100c4deebb2a9c158ec11f9","/index.html":"838ab872feb689c8178566b6df8b6651f1d4c314093bda39924253524b84bc61","/logo192.png":"3ee59515172ee198f3be375979df15ac5345183e656720a381b8872b2a39dc8b","/logo512.png":"ee7e2f3fdb8209c4b6fd7bef6ba50d1b9dba30a25bb5c3126df057e1cb6f5331","/manifest.json":"aff3449bdc238776f5d6d967f19ec491b36aed5fb7f23ccff6500736fd58494a","/robots.txt":"bfe106a3fb878dc83461c86818bf74fc1bdc7f28538ba613cd3e775516ce8b49","/static/css/main.7835d562.chunk.css":"173c7af5a02d4d75b998d13cbe77a3cac64f532fbb9c1223e95a3f342f9c0fb2","/static/css/main.7835d562.chunk.css.map":"8ee79e7ed4d63af95cccc52e5bd2b835761d9a62660208bab2364b47d44dca85","/static/js/2.dc345ad8.chunk.js":"de2ba5438d4d1d06033c814a21a26d0666e6d534639942fd3866eaec2417ad49","/static/js/2.dc345ad8.chunk.js.LICENSE.txt":"2312bad32d362f6d6cf48f54219077fc34f54dcb7eeae10b1a74b95e3a2f5917","/static/js/2.dc345ad8.chunk.js.map":"f041ee65ff07226f15d229b8f72c2482090695cc33a2d1ec7104ab8044387700","/static/js/3.4285ed4c.chunk.js":"83dfeaa0af22ffcf1408d0c0a26aa06de7f0a6bbee59a19c7d34fe408a0a17fb","/static/js/3.4285ed4c.chunk.js.map":"fef6954a40d12a4cf6a2eea943268faf6b97e805340e0c63cd6397301b8234ff","/static/js/main.93b1498e.chunk.js":"33e7c22fc764b9055acfe2047e0f9cd7b02c86149c7b382bc671ddbac7cd2a98","/static/js/main.93b1498e.chunk.js.map":"e50ee86773a2078f39324dc8173725833104d5ae8d1be978e8614a8d0c7d1dd8","/static/js/runtime-main.e88ad0c1.js":"3e69ab5c4ee5cfb201a8dcc9d24a440418dfb102f5e697d80b4a58ea7aa24aa7","/static/js/runtime-main.e88ad0c1.js.map":"625ed6af890c4d7ba33899896f6ee21cbd2d20e50d5e2632ad3771efed7a827d","/static/media/zoomダンブルドア２.27691eeb.jpg":"6af23f85fcd146cd5fc0dfd1fe2bb0128b54250a6c2d6f282923870a45bc5e08","/static/media/ハリー２.73cd81ee.jpg":"99890a2a2adac5f51ee4766daa76e490c9345bca10ac345d58595893445dda7f"}}
[debug] [2021-08-07T07:43:40.282Z] <<< [apiv2][status] POST https://firebasehosting.googleapis.com/v1beta1/sites/chatbot-demo-eff43/versions/661e46748b39d3e1:populateFiles 200
[debug] [2021-08-07T07:43:40.282Z] <<< [apiv2][body] POST https://firebasehosting.googleapis.com/v1beta1/sites/chatbot-demo-eff43/versions/661e46748b39d3e1:populateFiles {"uploadUrl":"https://upload-firebasehosting.googleapis.com/upload/sites/chatbot-demo-eff43/versions/661e46748b39d3e1/files"}
[debug] [2021-08-07T07:43:40.283Z] [hosting][populate queue][FINAL] {"max":1777,"min":1777,"avg":1777,"active":0,"complete":1,"success":1,"errored":0,"retried":0,"total":1,"elapsed":1777}
[debug] [2021-08-07T07:43:40.284Z] [hosting] uploads queued: 0
[debug] [2021-08-07T07:43:40.284Z] [hosting][upload queue][FINAL] {"max":0,"min":9999999999,"avg":0,"active":0,"complete":0,"success":0,"errored":0,"retried":0,"total":0,"elapsed":1628322220284}
[info] +  hosting[chatbot-demo-eff43]: file upload complete 
[debug] [2021-08-07T07:43:40.287Z] [hosting] deploy completed after 1817ms
[debug] [2021-08-07T07:43:40.295Z] [rules] releasing cloud.firestore with ruleset projects/chatbot-demo-eff43/rulesets/96583304-a571-4e11-9585-2d0a7cde69e3
[debug] [2021-08-07T07:43:40.297Z] > refreshing access token with scopes: ["email","https://www.googleapis.com/auth/cloud-platform","https://www.googleapis.com/auth/cloudplatformprojects.readonly","https://www.googleapis.com/auth/firebase","openid"]
[debug] [2021-08-07T07:43:40.297Z] >>> HTTP REQUEST POST https://www.googleapis.com/oauth2/v3/token  
 <request body omitted>
[debug] [2021-08-07T07:43:40.752Z] <<< HTTP RESPONSE 200 {"date":"Sat, 07 Aug 2021 07:43:39 GMT","cache-control":"no-cache, no-store, max-age=0, must-revalidate","expires":"Mon, 01 Jan 1990 00:00:00 GMT","pragma":"no-cache","content-type":"application/json; charset=utf-8","vary":"X-Origin, Referer, Origin,Accept-Encoding","server":"scaffolding on HTTPServer2","x-xss-protection":"0","x-frame-options":"SAMEORIGIN","x-content-type-options":"nosniff","alt-svc":"h3=\":443\"; ma=2592000,h3-29=\":443\"; ma=2592000,h3-T051=\":443\"; ma=2592000,h3-Q050=\":443\"; ma=2592000,h3-Q046=\":443\"; ma=2592000,h3-Q043=\":443\"; ma=2592000,quic=\":443\"; ma=2592000; v=\"46,43\"","accept-ranges":"none","transfer-encoding":"chunked"}
[debug] [2021-08-07T07:43:40.794Z] >>> HTTP REQUEST PATCH https://firebaserules.googleapis.com/v1/projects/chatbot-demo-eff43/releases/cloud.firestore  
 {"release":{"name":"projects/chatbot-demo-eff43/releases/cloud.firestore","rulesetName":"projects/chatbot-demo-eff43/rulesets/96583304-a571-4e11-9585-2d0a7cde69e3"}}
[debug] [2021-08-07T07:43:42.356Z] <<< HTTP RESPONSE 200 {"content-type":"application/json; charset=UTF-8","vary":"X-Origin, Referer, Origin,Accept-Encoding","date":"Sat, 07 Aug 2021 07:43:40 GMT","server":"ESF","cache-control":"private","x-xss-protection":"0","x-frame-options":"SAMEORIGIN","x-content-type-options":"nosniff","alt-svc":"h3=\":443\"; ma=2592000,h3-29=\":443\"; ma=2592000,h3-T051=\":443\"; ma=2592000,h3-Q050=\":443\"; ma=2592000,h3-Q046=\":443\"; ma=2592000,h3-Q043=\":443\"; ma=2592000,quic=\":443\"; ma=2592000; v=\"46,43\"","accept-ranges":"none","transfer-encoding":"chunked"}
[debug] [2021-08-07T07:43:42.357Z] [rules] updated release projects/chatbot-demo-eff43/releases/cloud.firestore
[info] +  firestore: released rules firestore.rules to cloud.firestore 
[debug] [2021-08-07T07:43:42.910Z] TypeError: Cannot read property 'length' of undefined
    at Object.functionMatchesAnyGroup (C:\Users\hiro\AppData\Roaming\npm\node_modules\firebase-tools\lib\deploy\functions\functionsDeployHelper.js:11:23)
    at C:\Users\hiro\AppData\Roaming\npm\node_modules\firebase-tools\lib\deploy\functions\deploymentPlanner.js:25:56
    at Array.filter (<anonymous>)
    at calculateRegionalFunctionChanges (C:\Users\hiro\AppData\Roaming\npm\node_modules\firebase-tools\lib\deploy\functions\deploymentPlanner.js:25:17)
    at Object.createDeploymentPlan (C:\Users\hiro\AppData\Roaming\npm\node_modules\firebase-tools\lib\deploy\functions\deploymentPlanner.js:53:50)
    at release (C:\Users\hiro\AppData\Roaming\npm\node_modules\firebase-tools\lib\deploy\functions\release.js:24:48)
    at processTicksAndRejections (internal/process/task_queues.js:95:5)
[error] 
[error] Error: An unexpected error has occurred.
